# JRE version: OpenJDK Runtime Environment JBR-11.0.15.10-2043.56-jcef (11.0.15+10) (build 11.0.15+10-b2043.56)
# Java VM: OpenJDK 64-Bit Server VM JBR-11.0.15.10-2043.56-jcef (11.0.15+10-b2043.56, mixed mode, tiered, compressed oops, g1 gc, windows-amd64)
Heap:
 garbage-first heap   total 131072K, used 9985K [0x00000000d1200000, 0x0000000100000000)
  region size 1024K, 6 young (6144K), 0 survivors (0K)
 Metaspace       used 17830K, capacity 18212K, committed 19328K, reserved 1067008K
  class space    used 1699K, capacity 1860K, committed 2176K, reserved 1048576K
GC Heap History (10 events):
Event: 0.820 GC heap before
{Heap before GC invocations=0 (full 0):
 garbage-first heap   total 131072K, used 23552K [0x00000000d1200000, 0x0000000100000000)
  region size 1024K, 24 young (24576K), 0 survivors (0K)
 Metaspace       used 16258K, capacity 16788K, committed 17024K, reserved 1064960K
  class space    used 1667K, capacity 1869K, committed 1920K, reserved 1048576K
}
Event: 0.825 GC heap after
{Heap after GC invocations=1 (full 0):
 garbage-first heap   total 131072K, used 5355K [0x00000000d1200000, 0x0000000100000000)
  region size 1024K, 3 young (3072K), 3 survivors (3072K)
 Metaspace       used 16258K, capacity 16788K, committed 17024K, reserved 1064960K
  class space    used 1667K, capacity 1869K, committed 1920K, reserved 1048576K
}
Event: 1.128 GC heap before
{Heap before GC invocations=1 (full 0):
 garbage-first heap   total 131072K, used 15595K [0x00000000d1200000, 0x0000000100000000)
  region size 1024K, 13 young (13312K), 3 survivors (3072K)
 Metaspace       used 17706K, capacity 18323K, committed 18432K, reserved 1064960K
  class space    used 1778K, capacity 1991K, committed 2048K, reserved 1048576K
}
Event: 1.131 GC heap after
{Heap after GC invocations=2 (full 0):
 garbage-first heap   total 131072K, used 6686K [0x00000000d1200000, 0x0000000100000000)
  region size 1024K, 1 young (1024K), 1 survivors (1024K)
 Metaspace       used 17706K, capacity 18323K, committed 18432K, reserved 1064960K
  class space    used 1778K, capacity 1991K, committed 2048K, reserved 1048576K
}
Event: 3601.150 GC heap before
{Heap before GC invocations=2 (full 0):
 garbage-first heap   total 131072K, used 37406K [0x00000000d1200000, 0x0000000100000000)
  region size 1024K, 32 young (32768K), 1 survivors (1024K)
 Metaspace       used 18337K, capacity 18998K, committed 19328K, reserved 1067008K
  class space    used 1822K, capacity 2098K, committed 2176K, reserved 1048576K
}
Event: 3601.168 GC heap after
{Heap after GC invocations=3 (full 1):
 garbage-first heap   total 131072K, used 5887K [0x00000000d1200000, 0x0000000100000000)
  region size 1024K, 0 young (0K), 0 survivors (0K)
 Metaspace       used 18335K, capacity 18995K, committed 19328K, reserved 1067008K
  class space    used 1822K, capacity 2097K, committed 2176K, reserved 1048576K
}
Event: 7201.178 GC heap before
{Heap before GC invocations=3 (full 1):
 garbage-first heap   total 131072K, used 13055K [0x00000000d1200000, 0x0000000100000000)
  region size 1024K, 8 young (8192K), 0 survivors (0K)
 Metaspace       used 18335K, capacity 18995K, committed 19328K, reserved 1067008K
  class space    used 1822K, capacity 2097K, committed 2176K, reserved 1048576K
}
Event: 7201.191 GC heap after
{Heap after GC invocations=4 (full 2):
 garbage-first heap   total 131072K, used 4865K [0x00000000d1200000, 0x0000000100000000)
  region size 1024K, 0 young (0K), 0 survivors (0K)
 Metaspace       used 17824K, capacity 18201K, committed 19328K, reserved 1067008K
  class space    used 1698K, capacity 1859K, committed 2176K, reserved 1048576K
}
Event: 10801.205 GC heap before
{Heap before GC invocations=4 (full 2):
 garbage-first heap   total 131072K, used 12033K [0x00000000d1200000, 0x0000000100000000)
  region size 1024K, 8 young (8192K), 0 survivors (0K)
 Metaspace       used 17830K, capacity 18212K, committed 19328K, reserved 1067008K
  class space    used 1699K, capacity 1860K, committed 2176K, reserved 1048576K
}
Event: 10801.307 GC heap after
{Heap after GC invocations=5 (full 3):
 garbage-first heap   total 131072K, used 4865K [0x00000000d1200000, 0x0000000100000000)
  region size 1024K, 0 young (0K), 0 survivors (0K)
 Metaspace       used 17830K, capacity 18212K, committed 19328K, reserved 1067008K
  class space    used 1699K, capacity 1860K, committed 2176K, reserved 1048576K
}

